<?xml version="1.0" encoding="UTF-8"?>
<Site BuildName="(empty)"
	BuildStamp="20250123-1835-Experimental"
	Name="saleheen-ROG-Linux"
	Generator="ctest-3.22.1"
	CompilerName="/usr/bin/g++"
	CompilerVersion="11.4.0"
	OSName="Linux"
	Hostname="saleheen-ROG-Linux"
	OSRelease="6.8.0-51-generic"
	OSVersion="#52~22.04.1-Ubuntu SMP PREEMPT_DYNAMIC Mon Dec  9 15:00:52 UTC 2"
	OSPlatform="x86_64"
	Is64Bits="1"
	VendorString="AuthenticAMD"
	VendorID="Advanced Micro Devices"
	FamilyID="25"
	ModelID="80"
	ProcessorCacheSize="512"
	NumberOfLogicalCPU="16"
	NumberOfPhysicalCPU="8"
	TotalVirtualMemory="0"
	TotalPhysicalMemory="31508"
	LogicalProcessorsPerPhysical="2"
	ProcessorClockFrequency="3990.18"
	>
	<Testing>
		<StartDateTime>Jan 24 00:57 CET</StartDateTime>
		<StartTestTime>1737676678</StartTestTime>
		<TestList/>
		<EndDateTime>Jan 24 00:57 CET</EndDateTime>
		<EndTestTime>1737676678</EndTestTime>
		<ElapsedMinutes>0</ElapsedMinutes>
	</Testing>
</Site>
