<?xml version="1.0" encoding="UTF-8"?>
<Site BuildName="(empty)"
	BuildStamp="20250209-1753-Experimental"
	Name="saleheen-ROG-Linux"
	Generator="ctest-3.22.1"
	CompilerName="/usr/bin/g++"
	CompilerVersion="11.4.0"
	OSName="Linux"
	Hostname="saleheen-ROG-Linux"
	OSRelease="6.8.0-52-generic"
	OSVersion="#53~22.04.1-Ubuntu SMP PREEMPT_DYNAMIC Wed Jan 15 19:18:46 UTC 2"
	OSPlatform="x86_64"
	Is64Bits="1"
	VendorString="AuthenticAMD"
	VendorID="Advanced Micro Devices"
	FamilyID="25"
	ModelID="80"
	ProcessorCacheSize="512"
	NumberOfLogicalCPU="16"
	NumberOfPhysicalCPU="8"
	TotalVirtualMemory="0"
	TotalPhysicalMemory="31508"
	LogicalProcessorsPerPhysical="2"
	ProcessorClockFrequency="4466.83"
	>
	<Testing>
		<StartDateTime>Feb 09 18:53 CET</StartDateTime>
		<StartTestTime>1739123619</StartTestTime>
		<TestList/>
		<EndDateTime>Feb 09 18:53 CET</EndDateTime>
		<EndTestTime>1739123619</EndTestTime>
		<ElapsedMinutes>0</ElapsedMinutes>
	</Testing>
</Site>
