<?xml version="1.0" encoding="UTF-8"?>
<Site BuildName="(empty)"
	BuildStamp="20250117-0950-Experimental"
	Name="saleheen-ROG-Linux"
	Generator="ctest-3.22.1"
	CompilerName="/usr/bin/g++"
	CompilerVersion="11.4.0"
	OSName="Linux"
	Hostname="saleheen-ROG-Linux"
	OSRelease="6.8.0-51-generic"
	OSVersion="#52~22.04.1-Ubuntu SMP PREEMPT_DYNAMIC Mon Dec  9 15:00:52 UTC 2"
	OSPlatform="x86_64"
	Is64Bits="1"
	VendorString="AuthenticAMD"
	VendorID="Advanced Micro Devices"
	FamilyID="25"
	ModelID="80"
	ProcessorCacheSize="512"
	NumberOfLogicalCPU="16"
	NumberOfPhysicalCPU="8"
	TotalVirtualMemory="0"
	TotalPhysicalMemory="31508"
	LogicalProcessorsPerPhysical="2"
	ProcessorClockFrequency="4489.81"
	>
	<Testing>
		<StartDateTime>Jan 17 10:50 CET</StartDateTime>
		<StartTestTime>1737107457</StartTestTime>
		<TestList/>
		<EndDateTime>Jan 17 10:50 CET</EndDateTime>
		<EndTestTime>1737107457</EndTestTime>
		<ElapsedMinutes>0</ElapsedMinutes>
	</Testing>
</Site>
